<?xml version="1.0" encoding="UTF-8"?>
<testng-results skipped="0" failed="0" ignored="0" total="1" passed="1">
  <reporter-output>
  </reporter-output>
  <suite name="Suite" duration-ms="25882" started-at="2023-11-09T17:10:56 IST" finished-at="2023-11-09T17:11:22 IST">
    <groups>
    </groups>
    <test name="Test" duration-ms="25882" started-at="2023-11-09T17:10:56 IST" finished-at="2023-11-09T17:11:22 IST">
      <class name="Cap1.Scenario2">
        <test-method status="PASS" signature="preCondition(java.lang.String)[pri:0, instance:Cap1.Scenario2@4d1b0d2a]" name="preCondition" is-config="true" duration-ms="51692" started-at="2023-11-09T17:10:05 IST" finished-at="2023-11-09T17:10:56 IST">
          <params>
            <param index="0">
              <value>
                <![CDATA[https://www.flipkart.com/]]>
              </value>
            </param>
          </params>
          <reporter-output>
          </reporter-output>
        </test-method> <!-- preCondition -->
        <test-method status="PASS" signature="iPhone()[pri:0, instance:Cap1.Scenario2@4d1b0d2a]" name="iPhone" duration-ms="23809" started-at="2023-11-09T17:10:58 IST" finished-at="2023-11-09T17:11:21 IST">
          <reporter-output>
          </reporter-output>
        </test-method> <!-- iPhone -->
        <test-method status="PASS" signature="postCondition()[pri:0, instance:Cap1.Scenario2@4d1b0d2a]" name="postCondition" is-config="true" duration-ms="625" started-at="2023-11-09T17:11:24 IST" finished-at="2023-11-09T17:11:25 IST">
          <reporter-output>
          </reporter-output>
        </test-method> <!-- postCondition -->
      </class> <!-- Cap1.Scenario2 -->
    </test> <!-- Test -->
  </suite> <!-- Suite -->
</testng-results>
